[2023-07-25T17:01:05.412] [DEBUG] cheese - login => username:zs,password:123456
[2023-07-25T17:01:05.414] [DEBUG] cheese - zs
[2023-07-25T17:01:05.422] [DEBUG] cheese - null
[2023-07-25T17:01:05.422] [DEBUG] cheese - null
[2023-07-25T17:02:04.260] [DEBUG] cheese - login => username:ww,password:$2a$08$09nUxs.9czzXc4JZJTOdteeXSd/mxZVg96AhqciGbTMB6cfbGUWC2
[2023-07-25T17:02:04.260] [DEBUG] cheese - ww
[2023-07-25T17:02:04.265] [DEBUG] cheese - null
[2023-07-25T17:02:04.266] [DEBUG] cheese - null
[2023-07-25T17:03:11.613] [DEBUG] cheese - login => username:admin,password:123456
[2023-07-25T17:03:11.614] [DEBUG] cheese - admin
[2023-07-25T17:03:11.621] [DEBUG] cheese - null
[2023-07-25T17:03:11.622] [DEBUG] cheese - null
[2023-07-26T10:46:38.212] [DEBUG] cheese - login => username:admin,password:123456
[2023-07-26T10:46:38.219] [DEBUG] cheese - admin
[2023-07-26T10:46:38.247] [DEBUG] cheese - null
[2023-07-26T10:46:38.248] [DEBUG] cheese - null
[2023-07-26T10:51:41.138] [DEBUG] cheese - login => username:admin,password:123456
[2023-07-26T10:51:41.139] [DEBUG] cheese - admin
[2023-07-26T10:51:41.143] [DEBUG] cheese - null
[2023-07-26T10:51:41.144] [DEBUG] cheese - null
[2023-07-26T10:54:12.308] [DEBUG] cheese - login => username:admin,password:1234567
[2023-07-26T10:54:12.308] [DEBUG] cheese - admin
[2023-07-26T10:54:12.314] [DEBUG] cheese - null
[2023-07-26T10:54:12.314] [DEBUG] cheese - null
[2023-07-26T10:54:42.022] [DEBUG] cheese - login => username:asfsd,password:1234567
[2023-07-26T10:54:42.023] [DEBUG] cheese - asfsd
[2023-07-26T10:54:42.026] [DEBUG] cheese - null
[2023-07-26T10:54:42.027] [DEBUG] cheese - null
[2023-07-26T11:01:19.745] [DEBUG] cheese - login => username:admin,password:123456
[2023-07-26T11:01:19.745] [DEBUG] cheese - admin
[2023-07-26T11:01:19.752] [DEBUG] cheese - null
[2023-07-26T11:01:19.753] [DEBUG] cheese - null
[2023-07-26T11:01:23.450] [DEBUG] cheese - login => username:admin,password:1234567
[2023-07-26T11:01:23.451] [DEBUG] cheese - admin
[2023-07-26T11:01:23.456] [DEBUG] cheese - null
[2023-07-26T11:01:23.456] [DEBUG] cheese - null
[2023-07-26T11:09:55.530] [DEBUG] cheese - login => username:admin,password:123456
[2023-07-26T11:09:55.530] [DEBUG] cheese - admin
[2023-07-26T11:09:55.533] [DEBUG] cheese - null
[2023-07-26T11:09:55.533] [DEBUG] cheese - null
[2023-07-26T11:10:33.865] [DEBUG] cheese - login => username:admin,password:123456
[2023-07-26T11:10:33.866] [DEBUG] cheese - admin
[2023-07-26T11:10:33.869] [DEBUG] cheese - null
[2023-07-26T11:10:33.869] [DEBUG] cheese - null
[2023-07-26T11:10:40.027] [DEBUG] cheese - login => username:admin,password:1234567
[2023-07-26T11:10:40.027] [DEBUG] cheese - admin
[2023-07-26T11:10:40.031] [DEBUG] cheese - null
[2023-07-26T11:10:40.031] [DEBUG] cheese - null
[2023-07-26T11:10:50.445] [DEBUG] cheese - login => username:adman,password:1234567
[2023-07-26T11:10:50.446] [DEBUG] cheese - adman
[2023-07-26T11:10:50.450] [DEBUG] cheese - null
[2023-07-26T11:10:50.450] [DEBUG] cheese - null
[2023-07-26T11:12:14.549] [DEBUG] cheese - login => username:admin,password:123456
[2023-07-26T11:12:14.549] [DEBUG] cheese - admin
[2023-07-26T11:12:14.555] [DEBUG] cheese - null
[2023-07-26T11:12:14.555] [DEBUG] cheese - null
[2023-07-26T11:12:18.862] [DEBUG] cheese - login => username:admin,password:12345633
[2023-07-26T11:12:18.862] [DEBUG] cheese - admin
[2023-07-26T11:12:18.866] [DEBUG] cheese - null
[2023-07-26T11:12:18.866] [DEBUG] cheese - null
[2023-07-26T11:12:25.096] [DEBUG] cheese - login => username:admib,password:12345633
[2023-07-26T11:12:25.096] [DEBUG] cheese - admib
[2023-07-26T11:12:25.099] [DEBUG] cheese - null
[2023-07-26T11:12:25.099] [DEBUG] cheese - null
[2023-07-26T11:26:04.855] [DEBUG] cheese - login => username:admin,password:123456
[2023-07-26T11:26:04.855] [DEBUG] cheese - admin
[2023-07-26T11:26:04.859] [DEBUG] cheese - null
[2023-07-26T11:26:04.859] [DEBUG] cheese - null
[2023-07-26T11:26:10.499] [DEBUG] cheese - login => username:admin,password:1234567
[2023-07-26T11:26:10.499] [DEBUG] cheese - admin
[2023-07-26T11:26:10.503] [DEBUG] cheese - null
[2023-07-26T11:26:10.504] [DEBUG] cheese - null
[2023-07-26T11:26:17.633] [DEBUG] cheese - login => username:adin5,password:1234567
[2023-07-26T11:26:17.633] [DEBUG] cheese - adin5
[2023-07-26T11:26:17.636] [DEBUG] cheese - null
[2023-07-26T11:26:17.636] [DEBUG] cheese - null
[2023-07-26T11:29:09.097] [DEBUG] cheese - login => username:admin,password:123456
[2023-07-26T11:29:09.097] [DEBUG] cheese - admin
[2023-07-26T11:29:09.100] [DEBUG] cheese - null
[2023-07-26T11:29:09.100] [DEBUG] cheese - null
[2023-07-26T14:39:57.938] [DEBUG] cheese - login => username:admin,password:123456
[2023-07-26T14:39:57.939] [DEBUG] cheese - admin
[2023-07-26T14:39:57.945] [DEBUG] cheese - null
[2023-07-26T14:39:57.945] [DEBUG] cheese - null
[2023-07-26T14:42:12.839] [DEBUG] cheese - login => username:admin,password:123456
[2023-07-26T14:42:12.839] [DEBUG] cheese - admin
[2023-07-26T14:42:12.842] [DEBUG] cheese - null
[2023-07-26T14:42:12.842] [DEBUG] cheese - null
[2023-07-26T15:08:49.360] [DEBUG] cheese - login => username:admin,password:123456
[2023-07-26T15:08:49.360] [DEBUG] cheese - admin
[2023-07-26T15:08:49.362] [DEBUG] cheese - null
[2023-07-26T15:08:49.362] [DEBUG] cheese - null
[2023-07-26T15:11:49.820] [DEBUG] cheese - login => username:admin,password:123456
[2023-07-26T15:11:49.820] [DEBUG] cheese - admin
[2023-07-26T15:11:49.822] [DEBUG] cheese - null
[2023-07-26T15:11:49.822] [DEBUG] cheese - null
[2023-07-26T15:14:40.992] [DEBUG] cheese - login => username:admin,password:123456
[2023-07-26T15:14:40.993] [DEBUG] cheese - admin
[2023-07-26T15:14:40.996] [DEBUG] cheese - null
[2023-07-26T15:14:40.996] [DEBUG] cheese - null
[2023-07-26T23:23:06.033] [DEBUG] cheese - login => username:a8min,password:123456
[2023-07-26T23:23:06.037] [DEBUG] cheese - a8min
[2023-07-26T23:23:06.055] [DEBUG] cheese - null
[2023-07-26T23:23:06.056] [DEBUG] cheese - null
[2023-07-26T23:23:36.884] [DEBUG] cheese - login => username:admin,password:123456
[2023-07-26T23:23:36.884] [DEBUG] cheese - admin
[2023-07-26T23:23:36.893] [DEBUG] cheese - null
[2023-07-26T23:23:36.893] [DEBUG] cheese - null
[2023-07-26T23:24:02.318] [DEBUG] cheese - login => username:admin,password:1234564
[2023-07-26T23:24:02.318] [DEBUG] cheese - admin
[2023-07-26T23:24:02.322] [DEBUG] cheese - null
[2023-07-26T23:24:02.322] [DEBUG] cheese - null
[2023-07-26T23:24:08.381] [DEBUG] cheese - login => username:admin,password:123456
[2023-07-26T23:24:08.381] [DEBUG] cheese - admin
[2023-07-26T23:24:08.384] [DEBUG] cheese - null
[2023-07-26T23:24:08.384] [DEBUG] cheese - null
[2023-07-27T16:39:25.743] [DEBUG] cheese - login => username:admin,password:123456
[2023-07-27T16:39:25.750] [DEBUG] cheese - admin
[2023-07-27T16:39:25.779] [DEBUG] cheese - null
[2023-07-27T16:39:25.780] [DEBUG] cheese - null
[2023-07-27T17:14:24.172] [DEBUG] cheese - login => username:admin,password:123456
[2023-07-27T17:14:24.172] [DEBUG] cheese - admin
[2023-07-27T17:14:24.177] [DEBUG] cheese - null
[2023-07-27T17:14:24.177] [DEBUG] cheese - null
[2023-07-27T17:15:43.006] [DEBUG] cheese - login => username:admin,password:123456
[2023-07-27T17:15:43.006] [DEBUG] cheese - admin
[2023-07-27T17:15:43.012] [DEBUG] cheese - null
[2023-07-27T17:15:43.012] [DEBUG] cheese - null
[2023-07-28T09:52:16.641] [DEBUG] cheese - login => username:admin,password:123456
[2023-07-28T09:52:16.645] [DEBUG] cheese - admin
[2023-07-28T09:52:16.672] [DEBUG] cheese - null
[2023-07-28T09:52:16.673] [DEBUG] cheese - null
[2023-07-28T10:18:37.668] [DEBUG] cheese - login => username:admin,password:123456
[2023-07-28T10:18:37.668] [DEBUG] cheese - admin
[2023-07-28T10:18:37.672] [DEBUG] cheese - null
[2023-07-28T10:18:37.673] [DEBUG] cheese - null
[2023-07-28T10:19:20.156] [DEBUG] cheese - login => username:admin,password:123456
[2023-07-28T10:19:20.157] [DEBUG] cheese - admin
[2023-07-28T10:19:20.158] [DEBUG] cheese - null
[2023-07-28T10:19:20.158] [DEBUG] cheese - null
[2023-07-28T10:21:17.629] [DEBUG] cheese - login => username:admin,password:123456
[2023-07-28T10:21:17.630] [DEBUG] cheese - admin
[2023-07-28T10:21:17.633] [DEBUG] cheese - null
[2023-07-28T10:21:17.633] [DEBUG] cheese - null
[2023-08-08T09:22:49.083] [DEBUG] cheese - login => username:admin,password:123456
[2023-08-08T09:22:49.087] [DEBUG] cheese - admin
[2023-08-08T09:22:49.106] [DEBUG] cheese - null
[2023-08-08T09:22:49.106] [DEBUG] cheese - null
[2023-08-08T09:43:45.903] [DEBUG] cheese - login => username:admin,password:123456
[2023-08-08T09:43:45.903] [DEBUG] cheese - admin
[2023-08-08T09:43:45.908] [DEBUG] cheese - null
[2023-08-08T09:43:45.908] [DEBUG] cheese - null
[2023-08-08T10:05:25.983] [DEBUG] cheese - login => username:admin,password:123456
[2023-08-08T10:05:25.983] [DEBUG] cheese - admin
[2023-08-08T10:05:25.988] [DEBUG] cheese - null
[2023-08-08T10:05:25.989] [DEBUG] cheese - null
[2023-08-08T10:12:16.248] [DEBUG] cheese - login => username:admin,password:123456
[2023-08-08T10:12:16.248] [DEBUG] cheese - admin
[2023-08-08T10:12:16.252] [DEBUG] cheese - null
[2023-08-08T10:12:16.252] [DEBUG] cheese - null
[2023-08-08T10:12:19.951] [DEBUG] cheese - login => username:admin,password:123456
[2023-08-08T10:12:19.952] [DEBUG] cheese - admin
[2023-08-08T10:12:19.955] [DEBUG] cheese - null
[2023-08-08T10:12:19.955] [DEBUG] cheese - null
[2023-08-08T10:55:14.716] [DEBUG] cheese - login => username:admin,password:123456
[2023-08-08T10:55:14.716] [DEBUG] cheese - admin
[2023-08-08T10:55:14.722] [DEBUG] cheese - null
[2023-08-08T10:55:14.722] [DEBUG] cheese - null
[2023-08-08T10:56:02.739] [DEBUG] cheese - login => username:admin,password:123456
[2023-08-08T10:56:02.739] [DEBUG] cheese - admin
[2023-08-08T10:56:02.743] [DEBUG] cheese - null
[2023-08-08T10:56:02.743] [DEBUG] cheese - null
[2023-08-09T09:15:58.990] [DEBUG] cheese - login => username:admin,password:123456
[2023-08-09T09:15:58.995] [DEBUG] cheese - admin
[2023-08-09T09:15:59.021] [DEBUG] cheese - null
[2023-08-09T09:15:59.021] [DEBUG] cheese - null
[2023-08-10T09:28:43.400] [DEBUG] cheese - login => username:admin,password:123456
[2023-08-10T09:28:43.405] [DEBUG] cheese - admin
[2023-08-10T09:28:43.431] [DEBUG] cheese - null
[2023-08-10T09:28:43.432] [DEBUG] cheese - null
[2023-08-10T11:22:38.995] [DEBUG] cheese - null
[2023-08-10T11:33:11.303] [DEBUG] cheese - null
[2023-08-10T11:41:39.783] [DEBUG] cheese - null
[2023-08-10T11:44:57.597] [DEBUG] cheese - null
[2023-08-10T11:45:12.587] [DEBUG] cheese - null
[2023-08-11T09:12:59.309] [DEBUG] cheese - login => username:admin,password:123456
[2023-08-11T09:12:59.315] [DEBUG] cheese - admin
[2023-08-11T09:12:59.341] [DEBUG] cheese - null
[2023-08-11T09:12:59.342] [DEBUG] cheese - null
[2023-08-14T09:21:27.973] [DEBUG] cheese - login => username:admin,password:123456
[2023-08-14T09:21:27.978] [DEBUG] cheese - admin
[2023-08-14T09:21:28.006] [DEBUG] cheese - null
[2023-08-14T09:21:28.007] [DEBUG] cheese - null
[2023-08-14T09:48:25.393] [DEBUG] cheese - login => username:admin,password:123456
[2023-08-14T09:48:25.399] [DEBUG] cheese - admin
[2023-08-14T09:48:25.420] [DEBUG] cheese - null
[2023-08-14T09:48:25.421] [DEBUG] cheese - null
[2023-08-14T15:26:31.568] [DEBUG] cheese - login => username:admin,password:123456
[2023-08-14T15:26:31.574] [DEBUG] cheese - admin
[2023-08-14T15:26:31.589] [DEBUG] cheese - null
[2023-08-14T15:26:31.590] [DEBUG] cheese - null
[2023-08-15T09:57:34.157] [DEBUG] cheese - login => username:admin,password:123456
[2023-08-15T09:57:34.161] [DEBUG] cheese - admin
[2023-08-15T09:57:34.186] [DEBUG] cheese - null
[2023-08-15T09:57:34.187] [DEBUG] cheese - null
[2023-08-15T10:17:23.987] [DEBUG] cheese - login => username:admin,password:123456
[2023-08-15T10:17:23.990] [DEBUG] cheese - admin
[2023-08-15T10:17:24.011] [DEBUG] cheese - null
[2023-08-15T10:17:24.013] [DEBUG] cheese - null
[2023-08-16T09:23:27.339] [DEBUG] cheese - login => username:admin,password:123456
[2023-08-16T09:23:27.343] [DEBUG] cheese - admin
[2023-08-16T09:23:27.370] [DEBUG] cheese - null
[2023-08-16T09:23:27.371] [DEBUG] cheese - null
[2023-08-17T09:35:50.263] [DEBUG] cheese - login => username:admin,password:123456
[2023-08-17T09:35:50.267] [DEBUG] cheese - admin
[2023-08-17T09:35:50.293] [DEBUG] cheese - null
[2023-08-17T09:35:50.293] [DEBUG] cheese - null
[2023-08-17T20:32:52.885] [DEBUG] cheese - null
[2023-08-17T20:35:39.610] [DEBUG] cheese - null
[2023-08-17T20:36:50.995] [DEBUG] cheese - null
[2023-08-17T20:37:47.841] [DEBUG] cheese - null
[2023-08-17T20:38:13.915] [DEBUG] cheese - null
[2023-08-17T20:38:52.567] [DEBUG] cheese - null
[2023-08-17T20:38:55.564] [DEBUG] cheese - null
[2023-08-17T20:40:36.985] [DEBUG] cheese - null
[2023-08-17T20:41:36.913] [DEBUG] cheese - null
[2023-08-17T20:41:47.960] [DEBUG] cheese - null
